<?xml version="1.0" encoding="UTF-8"?>
<!-- Generated by org.testng.reporters.JUnitXMLReporter -->
<testsuite ignored="5" hostname="Bharadwaj-B6DD2G2" failures="0" tests="8" name="Test" time="184.635" errors="0" timestamp="2023-10-10T11:49:49 IST">
  <testcase classname="com.test.Register" name="RegisterusersTC_001" time="3.37"/>
  <testcase classname="com.test.Register" name="RegisterusersTC_001" time="32.596"/>
  <testcase classname="com.test.Register" name="RegisterusersTC_001" time="32.574"/>
  <testcase classname="com.test.Register" name="RegisterusersTC_001" time="32.061"/>
  <testcase classname="com.test.Login" name="ValidLoginTC_001" time="1.466"/>
  <testcase classname="com.test.Login" name="INValidLoginTC_002" time="22.291"/>
  <testcase classname="com.test.Login" name="LogoutTC_003" time="1.997"/>
  <testcase classname="com.test.MyAccount" name="Addaddressbook" time="12.283"/>
  <testcase classname="com.Browser.Browser" name="@BeforeSuite BeforeLaunchingbrowser" time="0.0">
    <ignored/>
  </testcase> <!-- @BeforeSuite BeforeLaunchingbrowser -->
  <testcase classname="com.test.MyAccount" name="ChangePassword" time="0.0">
    <ignored/>
  </testcase> <!-- ChangePassword -->
  <testcase classname="com.Browser.Browser" name="@BeforeSuite BeforeLaunchingbrowser" time="0.0">
    <ignored/>
  </testcase> <!-- @BeforeSuite BeforeLaunchingbrowser -->
  <testcase classname="com.test.MyAccount" name="Editprofile" time="0.0">
    <ignored/>
  </testcase> <!-- Editprofile -->
  <testcase classname="com.test.MyAccount" name="invalidChangePassword" time="0.0">
    <ignored/>
  </testcase> <!-- invalidChangePassword -->
</testsuite> <!-- Test -->
