<?xml version="1.0" encoding="UTF-8"?>
<!-- Generated by org.testng.reporters.JUnitXMLReporter -->
<testsuite ignored="6" hostname="Bharadwaj-B6DD2G2" failures="0" tests="25" name="Test" time="356.6" errors="0" timestamp="2023-10-12T11:34:27 IST">
  <testcase classname="com.test.Register" name="RegisterusersTC_001" time="3.755"/>
  <testcase classname="com.test.Register" name="RegisterusersTC_001" time="4.567"/>
  <testcase classname="com.test.Register" name="RegisterusersTC_001" time="3.785"/>
  <testcase classname="com.test.Register" name="RegisterusersTC_001" time="3.128"/>
  <testcase classname="com.test.Register" name="policyerrorTC_002" time="2.406"/>
  <testcase classname="com.test.Login" name="ValidLoginTC_003" time="1.759"/>
  <testcase classname="com.test.Login" name="INValidLoginTC_004" time="3.609"/>
  <testcase classname="com.test.Login" name="LogoutTC_005" time="3.051"/>
  <testcase classname="com.test.Login" name="LogoutTC_006" time="2.185"/>
  <testcase classname="com.test.MyAccount" name="EditprofileTC_007" time="5.91"/>
  <testcase classname="com.test.Login" name="ValidLoginTC_003" time="2.479"/>
  <testcase classname="com.test.MyAccount" name="EditprofileTC_008" time="1.358"/>
  <testcase classname="com.test.Login" name="INValidLoginTC_004" time="2.337"/>
  <testcase classname="com.test.MyAccount" name="ChangePasswordTC_009" time="2.585"/>
  <testcase classname="com.test.Login" name="LogoutTC_005" time="2.113"/>
  <testcase classname="com.test.Login" name="LogoutTC_006" time="2.554"/>
  <testcase classname="com.test.MyAccount" name="invalidChangePasswordTC_010" time="2.452"/>
  <testcase classname="com.test.MyAccount" name="AddaddressbookTC_011" time="6.927">
    <skipped/>
  </testcase> <!-- AddaddressbookTC_011 -->
  <testcase classname="com.test.MyAccount" name="AddaddressbookTC_011" time="6.95"/>
  <testcase classname="com.test.MyAccount" name="deletealladressbook_012" time="32.231">
    <skipped/>
  </testcase> <!-- deletealladressbook_012 -->
  <testcase classname="com.test.MyAccount" name="deletealladressbook_012" time="2.842"/>
  <testcase classname="com.test.Searchproduct" name="VerifythesearchproductTC_013" time="3.008"/>
  <testcase classname="com.test.Searchproduct" name="searchproductaddtocartTC_014" time="25.371"/>
  <testcase classname="com.test.Searchproduct" name="searchproductcheckoutTC_015" time="32.569"/>
  <testcase classname="com.test.Searchproduct" name="addtocartTC_016" time="44.064"/>
  <testcase classname="com.Browser.Browser" name="@BeforeSuite BeforeLaunchingbrowser" time="0.0">
    <ignored/>
  </testcase> <!-- @BeforeSuite BeforeLaunchingbrowser -->
  <testcase classname="com.Browser.Browser" name="@AfterSuite endofprogram" time="0.0">
    <ignored/>
  </testcase> <!-- @AfterSuite endofprogram -->
  <testcase classname="com.Browser.Browser" name="@AfterSuite endofprogram" time="0.0">
    <ignored/>
  </testcase> <!-- @AfterSuite endofprogram -->
  <testcase classname="com.Browser.Browser" name="@BeforeSuite BeforeLaunchingbrowser" time="0.0">
    <ignored/>
  </testcase> <!-- @BeforeSuite BeforeLaunchingbrowser -->
  <testcase classname="com.Browser.Browser" name="@BeforeSuite BeforeLaunchingbrowser" time="0.0">
    <ignored/>
  </testcase> <!-- @BeforeSuite BeforeLaunchingbrowser -->
  <testcase classname="com.Browser.Browser" name="@AfterSuite endofprogram" time="0.0">
    <ignored/>
  </testcase> <!-- @AfterSuite endofprogram -->
</testsuite> <!-- Test -->
