<?xml version="1.0" encoding="UTF-8"?>
<testng-results ignored="0" total="8" passed="8" failed="0" skipped="0">
  <reporter-output>
  </reporter-output>
  <suite started-at="2023-10-10T11:46:44 IST" name="Suite" finished-at="2023-10-10T11:49:49 IST" duration-ms="184635">
    <groups>
    </groups>
    <test started-at="2023-10-10T11:46:44 IST" name="Test" finished-at="2023-10-10T11:49:49 IST" duration-ms="184635">
      <class name="com.test.Register">
        <test-method is-config="true" signature="BeforeLaunchingbrowser()[pri:0, instance:com.test.Register@4009e306]" started-at="2023-10-10T11:46:44 IST" name="BeforeLaunchingbrowser" finished-at="2023-10-10T11:46:44 IST" duration-ms="43" status="PASS">
          <reporter-output>
          </reporter-output>
        </test-method> <!-- BeforeLaunchingbrowser -->
        <test-method is-config="true" signature="LaunchBrowser(java.lang.String)[pri:0, instance:com.test.Register@4009e306]" started-at="2023-10-10T11:46:46 IST" name="LaunchBrowser" finished-at="2023-10-10T11:46:58 IST" duration-ms="11962" status="PASS">
          <params>
            <param index="0">
              <value>
                <![CDATA[Chrome]]>
              </value>
            </param>
          </params>
          <reporter-output>
          </reporter-output>
        </test-method> <!-- LaunchBrowser -->
        <test-method signature="RegisterusersTC_001(java.lang.String,java.lang.String,java.lang.String,java.lang.String,java.lang.String,java.lang.String,java.lang.String,java.lang.String)[pri:0, instance:com.test.Register@4009e306]" started-at="2023-10-10T11:46:58 IST" name="RegisterusersTC_001" data-provider="Register" finished-at="2023-10-10T11:47:02 IST" duration-ms="3370" status="PASS">
          <params>
            <param index="0">
              <value>
                <![CDATA[Bharadwaj]]>
              </value>
            </param>
            <param index="1">
              <value>
                <![CDATA[Viswanathan]]>
              </value>
            </param>
            <param index="2">
              <value>
                <![CDATA[Bharad]]>
              </value>
            </param>
            <param index="3">
              <value>
                <![CDATA[1234566789]]>
              </value>
            </param>
            <param index="4">
              <value>
                <![CDATA[Test@1234]]>
              </value>
            </param>
            <param index="5">
              <value>
                <![CDATA[Test@1234]]>
              </value>
            </param>
            <param index="6">
              <value>
                <![CDATA[Yes ]]>
              </value>
            </param>
            <param index="7">
              <value>
                <![CDATA[Yes]]>
              </value>
            </param>
          </params>
          <reporter-output>
          </reporter-output>
        </test-method> <!-- RegisterusersTC_001 -->
        <test-method is-config="true" signature="CloseBrowser()[pri:0, instance:com.test.Register@4009e306]" started-at="2023-10-10T11:47:02 IST" name="CloseBrowser" finished-at="2023-10-10T11:47:02 IST" duration-ms="198" status="PASS">
          <reporter-output>
          </reporter-output>
        </test-method> <!-- CloseBrowser -->
        <test-method is-config="true" signature="LaunchBrowser(java.lang.String)[pri:0, instance:com.test.Register@4009e306]" started-at="2023-10-10T11:47:02 IST" name="LaunchBrowser" finished-at="2023-10-10T11:47:05 IST" duration-ms="2817" status="PASS">
          <params>
            <param index="0">
              <value>
                <![CDATA[Chrome]]>
              </value>
            </param>
          </params>
          <reporter-output>
          </reporter-output>
        </test-method> <!-- LaunchBrowser -->
        <test-method signature="RegisterusersTC_001(java.lang.String,java.lang.String,java.lang.String,java.lang.String,java.lang.String,java.lang.String,java.lang.String,java.lang.String)[pri:0, instance:com.test.Register@4009e306]" started-at="2023-10-10T11:47:05 IST" name="RegisterusersTC_001" data-provider="Register" finished-at="2023-10-10T11:47:38 IST" duration-ms="32596" status="PASS">
          <params>
            <param index="0">
              <value>
                <![CDATA[Sharan]]>
              </value>
            </param>
            <param index="1">
              <value>
                <![CDATA[Kumar]]>
              </value>
            </param>
            <param index="2">
              <value>
                <![CDATA[Shar]]>
              </value>
            </param>
            <param index="3">
              <value>
                <![CDATA[1223456789]]>
              </value>
            </param>
            <param index="4">
              <value>
                <![CDATA[Test@124]]>
              </value>
            </param>
            <param index="5">
              <value>
                <![CDATA[Test@1234]]>
              </value>
            </param>
            <param index="6">
              <value>
                <![CDATA[no]]>
              </value>
            </param>
            <param index="7">
              <value>
                <![CDATA[Yes]]>
              </value>
            </param>
          </params>
          <reporter-output>
          </reporter-output>
        </test-method> <!-- RegisterusersTC_001 -->
        <test-method is-config="true" signature="CloseBrowser()[pri:0, instance:com.test.Register@4009e306]" started-at="2023-10-10T11:47:38 IST" name="CloseBrowser" finished-at="2023-10-10T11:47:38 IST" duration-ms="314" status="PASS">
          <reporter-output>
          </reporter-output>
        </test-method> <!-- CloseBrowser -->
        <test-method is-config="true" signature="LaunchBrowser(java.lang.String)[pri:0, instance:com.test.Register@4009e306]" started-at="2023-10-10T11:47:38 IST" name="LaunchBrowser" finished-at="2023-10-10T11:47:44 IST" duration-ms="6047" status="PASS">
          <params>
            <param index="0">
              <value>
                <![CDATA[Chrome]]>
              </value>
            </param>
          </params>
          <reporter-output>
          </reporter-output>
        </test-method> <!-- LaunchBrowser -->
        <test-method signature="RegisterusersTC_001(java.lang.String,java.lang.String,java.lang.String,java.lang.String,java.lang.String,java.lang.String,java.lang.String,java.lang.String)[pri:0, instance:com.test.Register@4009e306]" started-at="2023-10-10T11:47:44 IST" name="RegisterusersTC_001" data-provider="Register" finished-at="2023-10-10T11:48:17 IST" duration-ms="32574" status="PASS">
          <params>
            <param index="0">
              <value>
                <![CDATA[]]>
              </value>
            </param>
            <param index="1">
              <value>
                <![CDATA[]]>
              </value>
            </param>
            <param index="2">
              <value>
                <![CDATA[]]>
              </value>
            </param>
            <param index="3">
              <value>
                <![CDATA[]]>
              </value>
            </param>
            <param index="4">
              <value>
                <![CDATA[Test@124]]>
              </value>
            </param>
            <param index="5">
              <value>
                <![CDATA[Test@124]]>
              </value>
            </param>
            <param index="6">
              <value>
                <![CDATA[Yes]]>
              </value>
            </param>
            <param index="7">
              <value>
                <![CDATA[Yes]]>
              </value>
            </param>
          </params>
          <reporter-output>
          </reporter-output>
        </test-method> <!-- RegisterusersTC_001 -->
        <test-method is-config="true" signature="CloseBrowser()[pri:0, instance:com.test.Register@4009e306]" started-at="2023-10-10T11:48:17 IST" name="CloseBrowser" finished-at="2023-10-10T11:48:17 IST" duration-ms="244" status="PASS">
          <reporter-output>
          </reporter-output>
        </test-method> <!-- CloseBrowser -->
        <test-method is-config="true" signature="LaunchBrowser(java.lang.String)[pri:0, instance:com.test.Register@4009e306]" started-at="2023-10-10T11:48:17 IST" name="LaunchBrowser" finished-at="2023-10-10T11:48:20 IST" duration-ms="3240" status="PASS">
          <params>
            <param index="0">
              <value>
                <![CDATA[Chrome]]>
              </value>
            </param>
          </params>
          <reporter-output>
          </reporter-output>
        </test-method> <!-- LaunchBrowser -->
        <test-method signature="RegisterusersTC_001(java.lang.String,java.lang.String,java.lang.String,java.lang.String,java.lang.String,java.lang.String,java.lang.String,java.lang.String)[pri:0, instance:com.test.Register@4009e306]" started-at="2023-10-10T11:48:20 IST" name="RegisterusersTC_001" data-provider="Register" finished-at="2023-10-10T11:48:52 IST" duration-ms="32061" status="PASS">
          <params>
            <param index="0">
              <value>
                <![CDATA[Ranjith]]>
              </value>
            </param>
            <param index="1">
              <value>
                <![CDATA[Kumar]]>
              </value>
            </param>
            <param index="2">
              <value>
                <![CDATA[Ranjith]]>
              </value>
            </param>
            <param index="3">
              <value>
                <![CDATA[0000000002]]>
              </value>
            </param>
            <param index="4">
              <value>
                <![CDATA[Test@1234]]>
              </value>
            </param>
            <param index="5">
              <value>
                <![CDATA[Test@1234]]>
              </value>
            </param>
            <param index="6">
              <value>
                <![CDATA[no]]>
              </value>
            </param>
            <param index="7">
              <value>
                <![CDATA[no]]>
              </value>
            </param>
          </params>
          <reporter-output>
          </reporter-output>
        </test-method> <!-- RegisterusersTC_001 -->
        <test-method is-config="true" signature="CloseBrowser()[pri:0, instance:com.test.Register@4009e306]" started-at="2023-10-10T11:48:53 IST" name="CloseBrowser" finished-at="2023-10-10T11:48:53 IST" duration-ms="249" status="PASS">
          <reporter-output>
          </reporter-output>
        </test-method> <!-- CloseBrowser -->
      </class> <!-- com.test.Register -->
      <class name="com.test.MyAccount">
        <test-method is-config="true" signature="LaunchBrowser(java.lang.String)[pri:0, instance:com.test.MyAccount@66d18979]" started-at="2023-10-10T11:49:33 IST" name="LaunchBrowser" finished-at="2023-10-10T11:49:36 IST" duration-ms="3068" status="PASS">
          <params>
            <param index="0">
              <value>
                <![CDATA[Chrome]]>
              </value>
            </param>
          </params>
          <reporter-output>
          </reporter-output>
        </test-method> <!-- LaunchBrowser -->
        <test-method signature="Addaddressbook(java.lang.String,java.lang.String,java.lang.String,java.lang.String,java.lang.String,java.lang.String,java.lang.String,java.lang.String,java.lang.String)[pri:4, instance:com.test.MyAccount@66d18979]" started-at="2023-10-10T11:49:36 IST" name="Addaddressbook" data-provider="Addaddressbook" finished-at="2023-10-10T11:49:49 IST" duration-ms="12283" status="PASS">
          <params>
            <param index="0">
              <value>
                <![CDATA[Bharadwaj]]>
              </value>
            </param>
            <param index="1">
              <value>
                <![CDATA[Viswanathan]]>
              </value>
            </param>
            <param index="2">
              <value>
                <![CDATA[nun]]>
              </value>
            </param>
            <param index="3">
              <value>
                <![CDATA[Lokmanya Nagar, Pada No. 3]]>
              </value>
            </param>
            <param index="4">
              <value>
                <![CDATA[, Thane (west)]]>
              </value>
            </param>
            <param index="5">
              <value>
                <![CDATA[ Mumbai]]>
              </value>
            </param>
            <param index="6">
              <value>
                <![CDATA[400606]]>
              </value>
            </param>
            <param index="7">
              <value>
                <![CDATA[India]]>
              </value>
            </param>
            <param index="8">
              <value>
                <![CDATA[Maharashtra]]>
              </value>
            </param>
          </params>
          <reporter-output>
          </reporter-output>
        </test-method> <!-- Addaddressbook -->
        <test-method is-config="true" signature="CloseBrowser()[pri:0, instance:com.test.MyAccount@66d18979]" started-at="2023-10-10T11:49:49 IST" name="CloseBrowser" finished-at="2023-10-10T11:49:49 IST" duration-ms="315" status="PASS">
          <reporter-output>
          </reporter-output>
        </test-method> <!-- CloseBrowser -->
      </class> <!-- com.test.MyAccount -->
      <class name="com.test.Login">
        <test-method is-config="true" signature="LaunchBrowser(java.lang.String)[pri:0, instance:com.test.Login@6913c1fb]" started-at="2023-10-10T11:48:53 IST" name="LaunchBrowser" finished-at="2023-10-10T11:49:01 IST" duration-ms="7956" status="PASS">
          <params>
            <param index="0">
              <value>
                <![CDATA[Chrome]]>
              </value>
            </param>
          </params>
          <reporter-output>
          </reporter-output>
        </test-method> <!-- LaunchBrowser -->
        <test-method signature="ValidLoginTC_001()[pri:1, instance:com.test.Login@6913c1fb]" started-at="2023-10-10T11:49:01 IST" name="ValidLoginTC_001" finished-at="2023-10-10T11:49:02 IST" duration-ms="1466" status="PASS">
          <reporter-output>
          </reporter-output>
        </test-method> <!-- ValidLoginTC_001 -->
        <test-method is-config="true" signature="CloseBrowser()[pri:0, instance:com.test.Login@6913c1fb]" started-at="2023-10-10T11:49:02 IST" name="CloseBrowser" finished-at="2023-10-10T11:49:03 IST" duration-ms="266" status="PASS">
          <reporter-output>
          </reporter-output>
        </test-method> <!-- CloseBrowser -->
        <test-method is-config="true" signature="LaunchBrowser(java.lang.String)[pri:0, instance:com.test.Login@6913c1fb]" started-at="2023-10-10T11:49:03 IST" name="LaunchBrowser" finished-at="2023-10-10T11:49:05 IST" duration-ms="2577" status="PASS">
          <params>
            <param index="0">
              <value>
                <![CDATA[Chrome]]>
              </value>
            </param>
          </params>
          <reporter-output>
          </reporter-output>
        </test-method> <!-- LaunchBrowser -->
        <test-method signature="INValidLoginTC_002()[pri:2, instance:com.test.Login@6913c1fb]" started-at="2023-10-10T11:49:05 IST" name="INValidLoginTC_002" finished-at="2023-10-10T11:49:27 IST" duration-ms="22291" status="PASS">
          <reporter-output>
          </reporter-output>
        </test-method> <!-- INValidLoginTC_002 -->
        <test-method is-config="true" signature="CloseBrowser()[pri:0, instance:com.test.Login@6913c1fb]" started-at="2023-10-10T11:49:28 IST" name="CloseBrowser" finished-at="2023-10-10T11:49:28 IST" duration-ms="331" status="PASS">
          <reporter-output>
          </reporter-output>
        </test-method> <!-- CloseBrowser -->
        <test-method is-config="true" signature="LaunchBrowser(java.lang.String)[pri:0, instance:com.test.Login@6913c1fb]" started-at="2023-10-10T11:49:28 IST" name="LaunchBrowser" finished-at="2023-10-10T11:49:31 IST" duration-ms="2620" status="PASS">
          <params>
            <param index="0">
              <value>
                <![CDATA[Chrome]]>
              </value>
            </param>
          </params>
          <reporter-output>
          </reporter-output>
        </test-method> <!-- LaunchBrowser -->
        <test-method signature="LogoutTC_003()[pri:3, instance:com.test.Login@6913c1fb]" started-at="2023-10-10T11:49:31 IST" name="LogoutTC_003" finished-at="2023-10-10T11:49:33 IST" duration-ms="1997" status="PASS">
          <reporter-output>
          </reporter-output>
        </test-method> <!-- LogoutTC_003 -->
        <test-method is-config="true" signature="CloseBrowser()[pri:0, instance:com.test.Login@6913c1fb]" started-at="2023-10-10T11:49:33 IST" name="CloseBrowser" finished-at="2023-10-10T11:49:33 IST" duration-ms="248" status="PASS">
          <reporter-output>
          </reporter-output>
        </test-method> <!-- CloseBrowser -->
      </class> <!-- com.test.Login -->
    </test> <!-- Test -->
  </suite> <!-- Suite -->
</testng-results>
