<?xml version="1.0" encoding="UTF-8"?>
<testng-results retried="2" ignored="2" total="27" passed="23" failed="0" skipped="0">
  <reporter-output>
  </reporter-output>
  <suite started-at="2023-10-12T11:28:30 IST" name="Suite" finished-at="2023-10-12T11:34:27 IST" duration-ms="356600">
    <groups>
    </groups>
    <test started-at="2023-10-12T11:28:30 IST" name="Test" finished-at="2023-10-12T11:34:27 IST" duration-ms="356600">
      <class name="com.test.Register">
        <test-method is-config="true" signature="BeforeLaunchingbrowser()[pri:0, instance:com.test.Register@66d18979]" started-at="2023-10-12T11:28:30 IST" name="BeforeLaunchingbrowser" finished-at="2023-10-12T11:28:30 IST" duration-ms="19" status="PASS">
          <reporter-output>
          </reporter-output>
        </test-method> <!-- BeforeLaunchingbrowser -->
        <test-method is-config="true" signature="LaunchBrowser(java.lang.String)[pri:0, instance:com.test.Register@66d18979]" started-at="2023-10-12T11:28:31 IST" name="LaunchBrowser" finished-at="2023-10-12T11:28:38 IST" duration-ms="6400" status="PASS">
          <params>
            <param index="0">
              <value>
                <![CDATA[Chrome]]>
              </value>
            </param>
          </params>
          <reporter-output>
          </reporter-output>
        </test-method> <!-- LaunchBrowser -->
        <test-method signature="RegisterusersTC_001(java.lang.String,java.lang.String,java.lang.String,java.lang.String,java.lang.String,java.lang.String)[pri:1, instance:com.test.Register@66d18979]" started-at="2023-10-12T11:28:38 IST" name="RegisterusersTC_001" data-provider="Register" finished-at="2023-10-12T11:28:42 IST" duration-ms="3755" status="PASS">
          <params>
            <param index="0">
              <value>
                <![CDATA[Bharadwaj]]>
              </value>
            </param>
            <param index="1">
              <value>
                <![CDATA[Viswanathan]]>
              </value>
            </param>
            <param index="2">
              <value>
                <![CDATA[Bharad]]>
              </value>
            </param>
            <param index="3">
              <value>
                <![CDATA[1234566789]]>
              </value>
            </param>
            <param index="4">
              <value>
                <![CDATA[Test@1234]]>
              </value>
            </param>
            <param index="5">
              <value>
                <![CDATA[Test@1234]]>
              </value>
            </param>
          </params>
          <reporter-output>
          </reporter-output>
        </test-method> <!-- RegisterusersTC_001 -->
        <test-method is-config="true" signature="CloseBrowser()[pri:0, instance:com.test.Register@66d18979]" started-at="2023-10-12T11:28:42 IST" name="CloseBrowser" finished-at="2023-10-12T11:28:42 IST" duration-ms="361" status="PASS">
          <reporter-output>
          </reporter-output>
        </test-method> <!-- CloseBrowser -->
        <test-method is-config="true" signature="LaunchBrowser(java.lang.String)[pri:0, instance:com.test.Register@66d18979]" started-at="2023-10-12T11:28:42 IST" name="LaunchBrowser" finished-at="2023-10-12T11:28:46 IST" duration-ms="3657" status="PASS">
          <params>
            <param index="0">
              <value>
                <![CDATA[Chrome]]>
              </value>
            </param>
          </params>
          <reporter-output>
          </reporter-output>
        </test-method> <!-- LaunchBrowser -->
        <test-method signature="RegisterusersTC_001(java.lang.String,java.lang.String,java.lang.String,java.lang.String,java.lang.String,java.lang.String)[pri:1, instance:com.test.Register@66d18979]" started-at="2023-10-12T11:28:46 IST" name="RegisterusersTC_001" data-provider="Register" finished-at="2023-10-12T11:28:51 IST" duration-ms="4567" status="PASS">
          <params>
            <param index="0">
              <value>
                <![CDATA[Sharan]]>
              </value>
            </param>
            <param index="1">
              <value>
                <![CDATA[Kumar]]>
              </value>
            </param>
            <param index="2">
              <value>
                <![CDATA[Shar]]>
              </value>
            </param>
            <param index="3">
              <value>
                <![CDATA[1223456789]]>
              </value>
            </param>
            <param index="4">
              <value>
                <![CDATA[Test@124]]>
              </value>
            </param>
            <param index="5">
              <value>
                <![CDATA[Test@1234]]>
              </value>
            </param>
          </params>
          <reporter-output>
          </reporter-output>
        </test-method> <!-- RegisterusersTC_001 -->
        <test-method is-config="true" signature="CloseBrowser()[pri:0, instance:com.test.Register@66d18979]" started-at="2023-10-12T11:28:51 IST" name="CloseBrowser" finished-at="2023-10-12T11:28:51 IST" duration-ms="241" status="PASS">
          <reporter-output>
          </reporter-output>
        </test-method> <!-- CloseBrowser -->
        <test-method is-config="true" signature="LaunchBrowser(java.lang.String)[pri:0, instance:com.test.Register@66d18979]" started-at="2023-10-12T11:28:51 IST" name="LaunchBrowser" finished-at="2023-10-12T11:29:03 IST" duration-ms="11870" status="PASS">
          <params>
            <param index="0">
              <value>
                <![CDATA[Chrome]]>
              </value>
            </param>
          </params>
          <reporter-output>
          </reporter-output>
        </test-method> <!-- LaunchBrowser -->
        <test-method signature="RegisterusersTC_001(java.lang.String,java.lang.String,java.lang.String,java.lang.String,java.lang.String,java.lang.String)[pri:1, instance:com.test.Register@66d18979]" started-at="2023-10-12T11:29:03 IST" name="RegisterusersTC_001" data-provider="Register" finished-at="2023-10-12T11:29:07 IST" duration-ms="3785" status="PASS">
          <params>
            <param index="0">
              <value>
                <![CDATA[]]>
              </value>
            </param>
            <param index="1">
              <value>
                <![CDATA[]]>
              </value>
            </param>
            <param index="2">
              <value>
                <![CDATA[]]>
              </value>
            </param>
            <param index="3">
              <value>
                <![CDATA[]]>
              </value>
            </param>
            <param index="4">
              <value>
                <![CDATA[Test@124]]>
              </value>
            </param>
            <param index="5">
              <value>
                <![CDATA[Test@124]]>
              </value>
            </param>
          </params>
          <reporter-output>
          </reporter-output>
        </test-method> <!-- RegisterusersTC_001 -->
        <test-method is-config="true" signature="CloseBrowser()[pri:0, instance:com.test.Register@66d18979]" started-at="2023-10-12T11:29:07 IST" name="CloseBrowser" finished-at="2023-10-12T11:29:07 IST" duration-ms="363" status="PASS">
          <reporter-output>
          </reporter-output>
        </test-method> <!-- CloseBrowser -->
        <test-method is-config="true" signature="LaunchBrowser(java.lang.String)[pri:0, instance:com.test.Register@66d18979]" started-at="2023-10-12T11:29:07 IST" name="LaunchBrowser" finished-at="2023-10-12T11:29:12 IST" duration-ms="4796" status="PASS">
          <params>
            <param index="0">
              <value>
                <![CDATA[Chrome]]>
              </value>
            </param>
          </params>
          <reporter-output>
          </reporter-output>
        </test-method> <!-- LaunchBrowser -->
        <test-method signature="RegisterusersTC_001(java.lang.String,java.lang.String,java.lang.String,java.lang.String,java.lang.String,java.lang.String)[pri:1, instance:com.test.Register@66d18979]" started-at="2023-10-12T11:29:12 IST" name="RegisterusersTC_001" data-provider="Register" finished-at="2023-10-12T11:29:15 IST" duration-ms="3128" status="PASS">
          <params>
            <param index="0">
              <value>
                <![CDATA[Ranjith]]>
              </value>
            </param>
            <param index="1">
              <value>
                <![CDATA[Kumar]]>
              </value>
            </param>
            <param index="2">
              <value>
                <![CDATA[Ranjith]]>
              </value>
            </param>
            <param index="3">
              <value>
                <![CDATA[0000000002]]>
              </value>
            </param>
            <param index="4">
              <value>
                <![CDATA[Test@123]]>
              </value>
            </param>
            <param index="5">
              <value>
                <![CDATA[Test@123]]>
              </value>
            </param>
          </params>
          <reporter-output>
          </reporter-output>
        </test-method> <!-- RegisterusersTC_001 -->
        <test-method is-config="true" signature="CloseBrowser()[pri:0, instance:com.test.Register@66d18979]" started-at="2023-10-12T11:29:16 IST" name="CloseBrowser" finished-at="2023-10-12T11:29:16 IST" duration-ms="398" status="PASS">
          <reporter-output>
          </reporter-output>
        </test-method> <!-- CloseBrowser -->
        <test-method is-config="true" signature="LaunchBrowser(java.lang.String)[pri:0, instance:com.test.Register@66d18979]" started-at="2023-10-12T11:29:16 IST" name="LaunchBrowser" finished-at="2023-10-12T11:29:20 IST" duration-ms="4360" status="PASS">
          <params>
            <param index="0">
              <value>
                <![CDATA[Chrome]]>
              </value>
            </param>
          </params>
          <reporter-output>
          </reporter-output>
        </test-method> <!-- LaunchBrowser -->
        <test-method signature="policyerrorTC_002()[pri:2, instance:com.test.Register@66d18979]" started-at="2023-10-12T11:29:20 IST" name="policyerrorTC_002" finished-at="2023-10-12T11:29:23 IST" duration-ms="2406" status="PASS">
          <reporter-output>
          </reporter-output>
        </test-method> <!-- policyerrorTC_002 -->
        <test-method is-config="true" signature="CloseBrowser()[pri:0, instance:com.test.Register@66d18979]" started-at="2023-10-12T11:29:23 IST" name="CloseBrowser" finished-at="2023-10-12T11:29:23 IST" duration-ms="409" status="PASS">
          <reporter-output>
          </reporter-output>
        </test-method> <!-- CloseBrowser -->
        <test-method is-config="true" signature="endofprogram()[pri:0, instance:com.test.Register@66d18979]" started-at="2023-10-12T11:34:27 IST" name="endofprogram" finished-at="2023-10-12T11:34:27 IST" duration-ms="0" status="PASS">
          <reporter-output>
          </reporter-output>
        </test-method> <!-- endofprogram -->
      </class> <!-- com.test.Register -->
      <class name="com.test.MyAccount">
        <test-method is-config="true" signature="LaunchBrowser(java.lang.String)[pri:0, instance:com.test.MyAccount@7530ad9c]" started-at="2023-10-12T11:30:00 IST" name="LaunchBrowser" finished-at="2023-10-12T11:30:03 IST" duration-ms="2767" status="PASS">
          <params>
            <param index="0">
              <value>
                <![CDATA[Chrome]]>
              </value>
            </param>
          </params>
          <reporter-output>
          </reporter-output>
        </test-method> <!-- LaunchBrowser -->
        <test-method signature="EditprofileTC_007()[pri:1, instance:com.test.MyAccount@7530ad9c]" started-at="2023-10-12T11:30:03 IST" name="EditprofileTC_007" finished-at="2023-10-12T11:30:09 IST" duration-ms="5910" status="PASS">
          <reporter-output>
          </reporter-output>
        </test-method> <!-- EditprofileTC_007 -->
        <test-method is-config="true" signature="CloseBrowser()[pri:0, instance:com.test.MyAccount@7530ad9c]" started-at="2023-10-12T11:30:09 IST" name="CloseBrowser" finished-at="2023-10-12T11:30:10 IST" duration-ms="426" status="PASS">
          <reporter-output>
          </reporter-output>
        </test-method> <!-- CloseBrowser -->
        <test-method is-config="true" signature="LaunchBrowser(java.lang.String)[pri:0, instance:com.test.MyAccount@7530ad9c]" started-at="2023-10-12T11:30:10 IST" name="LaunchBrowser" finished-at="2023-10-12T11:30:14 IST" duration-ms="3916" status="PASS">
          <params>
            <param index="0">
              <value>
                <![CDATA[Chrome]]>
              </value>
            </param>
          </params>
          <reporter-output>
          </reporter-output>
        </test-method> <!-- LaunchBrowser -->
        <test-method signature="ValidLoginTC_003()[pri:1, instance:com.test.MyAccount@7530ad9c]" started-at="2023-10-12T11:30:14 IST" name="ValidLoginTC_003" finished-at="2023-10-12T11:30:16 IST" duration-ms="2479" status="PASS">
          <reporter-output>
          </reporter-output>
        </test-method> <!-- ValidLoginTC_003 -->
        <test-method is-config="true" signature="CloseBrowser()[pri:0, instance:com.test.MyAccount@7530ad9c]" started-at="2023-10-12T11:30:16 IST" name="CloseBrowser" finished-at="2023-10-12T11:30:17 IST" duration-ms="415" status="PASS">
          <reporter-output>
          </reporter-output>
        </test-method> <!-- CloseBrowser -->
        <test-method is-config="true" signature="LaunchBrowser(java.lang.String)[pri:0, instance:com.test.MyAccount@7530ad9c]" started-at="2023-10-12T11:30:17 IST" name="LaunchBrowser" finished-at="2023-10-12T11:30:20 IST" duration-ms="3083" status="PASS">
          <params>
            <param index="0">
              <value>
                <![CDATA[Chrome]]>
              </value>
            </param>
          </params>
          <reporter-output>
          </reporter-output>
        </test-method> <!-- LaunchBrowser -->
        <test-method signature="EditprofileTC_008()[pri:2, instance:com.test.MyAccount@7530ad9c]" started-at="2023-10-12T11:30:20 IST" name="EditprofileTC_008" finished-at="2023-10-12T11:30:21 IST" depends-on-methods="com.test.MyAccount.EditprofileTC_007" duration-ms="1358" status="PASS">
          <reporter-output>
          </reporter-output>
        </test-method> <!-- EditprofileTC_008 -->
        <test-method is-config="true" signature="CloseBrowser()[pri:0, instance:com.test.MyAccount@7530ad9c]" started-at="2023-10-12T11:30:21 IST" name="CloseBrowser" finished-at="2023-10-12T11:30:22 IST" duration-ms="460" status="PASS">
          <reporter-output>
          </reporter-output>
        </test-method> <!-- CloseBrowser -->
        <test-method is-config="true" signature="LaunchBrowser(java.lang.String)[pri:0, instance:com.test.MyAccount@7530ad9c]" started-at="2023-10-12T11:30:22 IST" name="LaunchBrowser" finished-at="2023-10-12T11:30:26 IST" duration-ms="3668" status="PASS">
          <params>
            <param index="0">
              <value>
                <![CDATA[Chrome]]>
              </value>
            </param>
          </params>
          <reporter-output>
          </reporter-output>
        </test-method> <!-- LaunchBrowser -->
        <test-method signature="INValidLoginTC_004()[pri:2, instance:com.test.MyAccount@7530ad9c]" started-at="2023-10-12T11:30:26 IST" name="INValidLoginTC_004" finished-at="2023-10-12T11:30:28 IST" duration-ms="2337" status="PASS">
          <reporter-output>
          </reporter-output>
        </test-method> <!-- INValidLoginTC_004 -->
        <test-method is-config="true" signature="CloseBrowser()[pri:0, instance:com.test.MyAccount@7530ad9c]" started-at="2023-10-12T11:30:28 IST" name="CloseBrowser" finished-at="2023-10-12T11:30:28 IST" duration-ms="374" status="PASS">
          <reporter-output>
          </reporter-output>
        </test-method> <!-- CloseBrowser -->
        <test-method is-config="true" signature="LaunchBrowser(java.lang.String)[pri:0, instance:com.test.MyAccount@7530ad9c]" started-at="2023-10-12T11:30:28 IST" name="LaunchBrowser" finished-at="2023-10-12T11:30:35 IST" duration-ms="6581" status="PASS">
          <params>
            <param index="0">
              <value>
                <![CDATA[Chrome]]>
              </value>
            </param>
          </params>
          <reporter-output>
          </reporter-output>
        </test-method> <!-- LaunchBrowser -->
        <test-method signature="ChangePasswordTC_009()[pri:3, instance:com.test.MyAccount@7530ad9c]" started-at="2023-10-12T11:30:35 IST" name="ChangePasswordTC_009" finished-at="2023-10-12T11:30:38 IST" duration-ms="2585" status="PASS">
          <reporter-output>
          </reporter-output>
        </test-method> <!-- ChangePasswordTC_009 -->
        <test-method is-config="true" signature="CloseBrowser()[pri:0, instance:com.test.MyAccount@7530ad9c]" started-at="2023-10-12T11:30:38 IST" name="CloseBrowser" finished-at="2023-10-12T11:30:38 IST" duration-ms="357" status="PASS">
          <reporter-output>
          </reporter-output>
        </test-method> <!-- CloseBrowser -->
        <test-method is-config="true" signature="LaunchBrowser(java.lang.String)[pri:0, instance:com.test.MyAccount@7530ad9c]" started-at="2023-10-12T11:30:38 IST" name="LaunchBrowser" finished-at="2023-10-12T11:30:43 IST" duration-ms="4622" status="PASS">
          <params>
            <param index="0">
              <value>
                <![CDATA[Chrome]]>
              </value>
            </param>
          </params>
          <reporter-output>
          </reporter-output>
        </test-method> <!-- LaunchBrowser -->
        <test-method signature="LogoutTC_005()[pri:3, instance:com.test.MyAccount@7530ad9c]" started-at="2023-10-12T11:30:43 IST" name="LogoutTC_005" finished-at="2023-10-12T11:30:45 IST" duration-ms="2113" status="PASS">
          <reporter-output>
          </reporter-output>
        </test-method> <!-- LogoutTC_005 -->
        <test-method is-config="true" signature="CloseBrowser()[pri:0, instance:com.test.MyAccount@7530ad9c]" started-at="2023-10-12T11:30:45 IST" name="CloseBrowser" finished-at="2023-10-12T11:30:46 IST" duration-ms="263" status="PASS">
          <reporter-output>
          </reporter-output>
        </test-method> <!-- CloseBrowser -->
        <test-method is-config="true" signature="LaunchBrowser(java.lang.String)[pri:0, instance:com.test.MyAccount@7530ad9c]" started-at="2023-10-12T11:30:46 IST" name="LaunchBrowser" finished-at="2023-10-12T11:30:50 IST" duration-ms="4644" status="PASS">
          <params>
            <param index="0">
              <value>
                <![CDATA[Chrome]]>
              </value>
            </param>
          </params>
          <reporter-output>
          </reporter-output>
        </test-method> <!-- LaunchBrowser -->
        <test-method signature="LogoutTC_006()[pri:4, instance:com.test.MyAccount@7530ad9c]" started-at="2023-10-12T11:30:50 IST" name="LogoutTC_006" finished-at="2023-10-12T11:30:53 IST" duration-ms="2554" status="PASS">
          <reporter-output>
          </reporter-output>
        </test-method> <!-- LogoutTC_006 -->
        <test-method is-config="true" signature="CloseBrowser()[pri:0, instance:com.test.MyAccount@7530ad9c]" started-at="2023-10-12T11:30:53 IST" name="CloseBrowser" finished-at="2023-10-12T11:30:53 IST" duration-ms="209" status="PASS">
          <reporter-output>
          </reporter-output>
        </test-method> <!-- CloseBrowser -->
        <test-method is-config="true" signature="LaunchBrowser(java.lang.String)[pri:0, instance:com.test.MyAccount@7530ad9c]" started-at="2023-10-12T11:30:53 IST" name="LaunchBrowser" finished-at="2023-10-12T11:30:57 IST" duration-ms="4149" status="PASS">
          <params>
            <param index="0">
              <value>
                <![CDATA[Chrome]]>
              </value>
            </param>
          </params>
          <reporter-output>
          </reporter-output>
        </test-method> <!-- LaunchBrowser -->
        <test-method signature="invalidChangePasswordTC_010()[pri:4, instance:com.test.MyAccount@7530ad9c]" started-at="2023-10-12T11:30:57 IST" name="invalidChangePasswordTC_010" finished-at="2023-10-12T11:31:00 IST" duration-ms="2452" status="PASS">
          <reporter-output>
          </reporter-output>
        </test-method> <!-- invalidChangePasswordTC_010 -->
        <test-method is-config="true" signature="CloseBrowser()[pri:0, instance:com.test.MyAccount@7530ad9c]" started-at="2023-10-12T11:31:00 IST" name="CloseBrowser" finished-at="2023-10-12T11:31:00 IST" duration-ms="180" status="PASS">
          <reporter-output>
          </reporter-output>
        </test-method> <!-- CloseBrowser -->
        <test-method is-config="true" signature="LaunchBrowser(java.lang.String)[pri:0, instance:com.test.MyAccount@7530ad9c]" started-at="2023-10-12T11:31:00 IST" name="LaunchBrowser" finished-at="2023-10-12T11:31:04 IST" duration-ms="3870" status="PASS">
          <params>
            <param index="0">
              <value>
                <![CDATA[Chrome]]>
              </value>
            </param>
          </params>
          <reporter-output>
          </reporter-output>
        </test-method> <!-- LaunchBrowser -->
        <test-method retried="true" signature="AddaddressbookTC_011(java.lang.String,java.lang.String,java.lang.String,java.lang.String,java.lang.String,java.lang.String,java.lang.String,java.lang.String,java.lang.String)[pri:5, instance:com.test.MyAccount@7530ad9c]" started-at="2023-10-12T11:31:04 IST" name="AddaddressbookTC_011" data-provider="Addaddressbook" finished-at="2023-10-12T11:31:11 IST" duration-ms="6927" status="SKIP">
          <params>
            <param index="0">
              <value>
                <![CDATA[Bharadwaj]]>
              </value>
            </param>
            <param index="1">
              <value>
                <![CDATA[Viswanathan]]>
              </value>
            </param>
            <param index="2">
              <value>
                <![CDATA[nun]]>
              </value>
            </param>
            <param index="3">
              <value>
                <![CDATA[Lokmanya Nagar, Pada No. 3]]>
              </value>
            </param>
            <param index="4">
              <value>
                <![CDATA[, Thane (west)]]>
              </value>
            </param>
            <param index="5">
              <value>
                <![CDATA[ Mumbai]]>
              </value>
            </param>
            <param index="6">
              <value>
                <![CDATA[400606]]>
              </value>
            </param>
            <param index="7">
              <value>
                <![CDATA[India]]>
              </value>
            </param>
            <param index="8">
              <value>
                <![CDATA[Maharashtra]]>
              </value>
            </param>
          </params>
          <exception class="org.openqa.selenium.StaleElementReferenceException">
            <message>
              <![CDATA[stale element reference: stale element not found
  (Session info: chrome=117.0.5938.150)
For documentation on this error, please visit: https://www.selenium.dev/documentation/webdriver/troubleshooting/errors#stale-element-reference-exception
Build info: version: '4.12.1', revision: '8e34639b11'
System info: os.name: 'Windows 10', os.arch: 'amd64', os.version: '10.0', java.version: '20.0.1'
Driver info: org.openqa.selenium.chrome.ChromeDriver
Command: [5605f6572ee527768ee26492d39e7dad, getElementText {id=FFCAFFC53C0B229CABBAE35C0C596953_element_646}]
Capabilities {acceptInsecureCerts: false, browserName: chrome, browserVersion: 117.0.5938.150, chrome: {chromedriverVersion: 117.0.5938.149 (e3344ddefa1..., userDataDir: C:\Users\BHARAD~1.VIS\AppDa...}, fedcm:accounts: true, goog:chromeOptions: {debuggerAddress: localhost:58080}, networkConnectionEnabled: false, pageLoadStrategy: normal, platformName: windows, proxy: Proxy(), se:cdp: ws://localhost:58080/devtoo..., se:cdpVersion: 117.0.5938.150, setWindowRect: true, strictFileInteractability: false, timeouts: {implicit: 0, pageLoad: 300000, script: 30000}, unhandledPromptBehavior: dismiss and notify, webauthn:extension:credBlob: true, webauthn:extension:largeBlob: true, webauthn:extension:minPinLength: true, webauthn:extension:prf: true, webauthn:virtualAuthenticators: true}
Element: [[[[ChromeDriver: chrome on windows (5605f6572ee527768ee26492d39e7dad)] -> xpath: //select[@id='input-zone']]] -> tag name: option]
Session ID: 5605f6572ee527768ee26492d39e7dad]]>
            </message>
            <full-stacktrace>
              <![CDATA[org.openqa.selenium.StaleElementReferenceException: stale element reference: stale element not found
  (Session info: chrome=117.0.5938.150)
For documentation on this error, please visit: https://www.selenium.dev/documentation/webdriver/troubleshooting/errors#stale-element-reference-exception
Build info: version: '4.12.1', revision: '8e34639b11'
System info: os.name: 'Windows 10', os.arch: 'amd64', os.version: '10.0', java.version: '20.0.1'
Driver info: org.openqa.selenium.chrome.ChromeDriver
Command: [5605f6572ee527768ee26492d39e7dad, getElementText {id=FFCAFFC53C0B229CABBAE35C0C596953_element_646}]
Capabilities {acceptInsecureCerts: false, browserName: chrome, browserVersion: 117.0.5938.150, chrome: {chromedriverVersion: 117.0.5938.149 (e3344ddefa1..., userDataDir: C:\Users\BHARAD~1.VIS\AppDa...}, fedcm:accounts: true, goog:chromeOptions: {debuggerAddress: localhost:58080}, networkConnectionEnabled: false, pageLoadStrategy: normal, platformName: windows, proxy: Proxy(), se:cdp: ws://localhost:58080/devtoo..., se:cdpVersion: 117.0.5938.150, setWindowRect: true, strictFileInteractability: false, timeouts: {implicit: 0, pageLoad: 300000, script: 30000}, unhandledPromptBehavior: dismiss and notify, webauthn:extension:credBlob: true, webauthn:extension:largeBlob: true, webauthn:extension:minPinLength: true, webauthn:extension:prf: true, webauthn:virtualAuthenticators: true}
Element: [[[[ChromeDriver: chrome on windows (5605f6572ee527768ee26492d39e7dad)] -> xpath: //select[@id='input-zone']]] -> tag name: option]
Session ID: 5605f6572ee527768ee26492d39e7dad
at java.base/jdk.internal.reflect.DirectConstructorHandleAccessor.newInstance(DirectConstructorHandleAccessor.java:67)
at java.base/java.lang.reflect.Constructor.newInstanceWithCaller(Constructor.java:500)
at java.base/java.lang.reflect.Constructor.newInstance(Constructor.java:484)
at org.openqa.selenium.remote.codec.w3c.W3CHttpResponseCodec.createException(W3CHttpResponseCodec.java:200)
at org.openqa.selenium.remote.codec.w3c.W3CHttpResponseCodec.decode(W3CHttpResponseCodec.java:133)
at org.openqa.selenium.remote.codec.w3c.W3CHttpResponseCodec.decode(W3CHttpResponseCodec.java:52)
at org.openqa.selenium.remote.HttpCommandExecutor.execute(HttpCommandExecutor.java:191)
at org.openqa.selenium.remote.service.DriverCommandExecutor.invokeExecute(DriverCommandExecutor.java:196)
at org.openqa.selenium.remote.service.DriverCommandExecutor.execute(DriverCommandExecutor.java:171)
at org.openqa.selenium.remote.RemoteWebDriver.execute(RemoteWebDriver.java:602)
at org.openqa.selenium.remote.RemoteWebElement.execute(RemoteWebElement.java:224)
at org.openqa.selenium.remote.RemoteWebElement.getText(RemoteWebElement.java:192)
at com.ExtentReport.Extentlogger.Reportlistofdata(Extentlogger.java:117)
at com.Browser.BaseClass.GetAlloptions(BaseClass.java:104)
at com.Browser.BaseClass.selectbyvisibletext(BaseClass.java:94)
at com.Pom.MyAccountpage.AddAddressbook(MyAccountpage.java:132)
at com.test.MyAccount.AddaddressbookTC_011(MyAccount.java:47)
at java.base/jdk.internal.reflect.DirectMethodHandleAccessor.invoke(DirectMethodHandleAccessor.java:104)
at java.base/java.lang.reflect.Method.invoke(Method.java:578)
at org.testng.internal.invokers.MethodInvocationHelper.invokeMethod(MethodInvocationHelper.java:139)
at org.testng.internal.invokers.TestInvoker.invokeMethod(TestInvoker.java:664)
at org.testng.internal.invokers.TestInvoker.invokeTestMethod(TestInvoker.java:227)
at org.testng.internal.invokers.MethodRunner.runInSequence(MethodRunner.java:50)
at org.testng.internal.invokers.TestInvoker$MethodInvocationAgent.invoke(TestInvoker.java:957)
at org.testng.internal.invokers.TestInvoker.invokeTestMethods(TestInvoker.java:200)
at org.testng.internal.invokers.TestMethodWorker.invokeTestMethods(TestMethodWorker.java:148)
at org.testng.internal.invokers.TestMethodWorker.run(TestMethodWorker.java:128)
at java.base/java.util.ArrayList.forEach(ArrayList.java:1511)
at org.testng.TestRunner.privateRun(TestRunner.java:848)
at org.testng.TestRunner.run(TestRunner.java:621)
at org.testng.SuiteRunner.runTest(SuiteRunner.java:443)
at org.testng.SuiteRunner.runSequentially(SuiteRunner.java:437)
at org.testng.SuiteRunner.privateRun(SuiteRunner.java:397)
at org.testng.SuiteRunner.run(SuiteRunner.java:336)
at org.testng.SuiteRunnerWorker.runSuite(SuiteRunnerWorker.java:52)
at org.testng.SuiteRunnerWorker.run(SuiteRunnerWorker.java:95)
at org.testng.TestNG.runSuitesSequentially(TestNG.java:1280)
at org.testng.TestNG.runSuitesLocally(TestNG.java:1200)
at org.testng.TestNG.runSuites(TestNG.java:1114)
at org.testng.TestNG.run(TestNG.java:1082)
at org.testng.remote.AbstractRemoteTestNG.run(AbstractRemoteTestNG.java:115)
at org.testng.remote.RemoteTestNG.initAndRun(RemoteTestNG.java:251)
at org.testng.remote.RemoteTestNG.main(RemoteTestNG.java:77)
]]>
            </full-stacktrace>
          </exception> <!-- org.openqa.selenium.StaleElementReferenceException -->
          <reporter-output>
          </reporter-output>
        </test-method> <!-- AddaddressbookTC_011 -->
        <test-method is-config="true" signature="CloseBrowser()[pri:0, instance:com.test.MyAccount@7530ad9c]" started-at="2023-10-12T11:31:11 IST" name="CloseBrowser" finished-at="2023-10-12T11:31:12 IST" duration-ms="329" status="PASS">
          <reporter-output>
          </reporter-output>
        </test-method> <!-- CloseBrowser -->
        <test-method is-config="true" signature="LaunchBrowser(java.lang.String)[pri:0, instance:com.test.MyAccount@7530ad9c]" started-at="2023-10-12T11:31:12 IST" name="LaunchBrowser" finished-at="2023-10-12T11:31:21 IST" duration-ms="9024" status="PASS">
          <params>
            <param index="0">
              <value>
                <![CDATA[Chrome]]>
              </value>
            </param>
          </params>
          <reporter-output>
          </reporter-output>
        </test-method> <!-- LaunchBrowser -->
        <test-method signature="AddaddressbookTC_011(java.lang.String,java.lang.String,java.lang.String,java.lang.String,java.lang.String,java.lang.String,java.lang.String,java.lang.String,java.lang.String)[pri:5, instance:com.test.MyAccount@7530ad9c]" started-at="2023-10-12T11:31:21 IST" name="AddaddressbookTC_011" data-provider="Addaddressbook" finished-at="2023-10-12T11:31:28 IST" duration-ms="6950" status="PASS">
          <params>
            <param index="0">
              <value>
                <![CDATA[Bharadwaj]]>
              </value>
            </param>
            <param index="1">
              <value>
                <![CDATA[Viswanathan]]>
              </value>
            </param>
            <param index="2">
              <value>
                <![CDATA[nun]]>
              </value>
            </param>
            <param index="3">
              <value>
                <![CDATA[Lokmanya Nagar, Pada No. 3]]>
              </value>
            </param>
            <param index="4">
              <value>
                <![CDATA[, Thane (west)]]>
              </value>
            </param>
            <param index="5">
              <value>
                <![CDATA[ Mumbai]]>
              </value>
            </param>
            <param index="6">
              <value>
                <![CDATA[400606]]>
              </value>
            </param>
            <param index="7">
              <value>
                <![CDATA[India]]>
              </value>
            </param>
            <param index="8">
              <value>
                <![CDATA[Maharashtra]]>
              </value>
            </param>
          </params>
          <reporter-output>
          </reporter-output>
        </test-method> <!-- AddaddressbookTC_011 -->
        <test-method is-config="true" signature="CloseBrowser()[pri:0, instance:com.test.MyAccount@7530ad9c]" started-at="2023-10-12T11:31:28 IST" name="CloseBrowser" finished-at="2023-10-12T11:31:28 IST" duration-ms="203" status="PASS">
          <reporter-output>
          </reporter-output>
        </test-method> <!-- CloseBrowser -->
        <test-method is-config="true" signature="LaunchBrowser(java.lang.String)[pri:0, instance:com.test.MyAccount@7530ad9c]" started-at="2023-10-12T11:31:28 IST" name="LaunchBrowser" finished-at="2023-10-12T11:31:32 IST" duration-ms="3584" status="PASS">
          <params>
            <param index="0">
              <value>
                <![CDATA[Chrome]]>
              </value>
            </param>
          </params>
          <reporter-output>
          </reporter-output>
        </test-method> <!-- LaunchBrowser -->
        <test-method retried="true" signature="deletealladressbook_012()[pri:6, instance:com.test.MyAccount@7530ad9c]" started-at="2023-10-12T11:31:32 IST" name="deletealladressbook_012" finished-at="2023-10-12T11:32:04 IST" duration-ms="32231" status="SKIP">
          <exception class="org.openqa.selenium.NoSuchElementException">
            <message>
              <![CDATA[no such element: Unable to locate element: {"method":"xpath","selector":"//div[contains(@class,'alert-warning')]"}
  (Session info: chrome=117.0.5938.150)
For documentation on this error, please visit: https://www.selenium.dev/documentation/webdriver/troubleshooting/errors#no-such-element-exception
Build info: version: '4.12.1', revision: '8e34639b11'
System info: os.name: 'Windows 10', os.arch: 'amd64', os.version: '10.0', java.version: '20.0.1'
Driver info: org.openqa.selenium.chrome.ChromeDriver
Command: [4837a63792a91860c66d870e88eb26d4, findElement {using=xpath, value=//div[contains(@class,'alert-warning')]}]
Capabilities {acceptInsecureCerts: false, browserName: chrome, browserVersion: 117.0.5938.150, chrome: {chromedriverVersion: 117.0.5938.149 (e3344ddefa1..., userDataDir: C:\Users\BHARAD~1.VIS\AppDa...}, fedcm:accounts: true, goog:chromeOptions: {debuggerAddress: localhost:58118}, networkConnectionEnabled: false, pageLoadStrategy: normal, platformName: windows, proxy: Proxy(), se:cdp: ws://localhost:58118/devtoo..., se:cdpVersion: 117.0.5938.150, setWindowRect: true, strictFileInteractability: false, timeouts: {implicit: 0, pageLoad: 300000, script: 30000}, unhandledPromptBehavior: dismiss and notify, webauthn:extension:credBlob: true, webauthn:extension:largeBlob: true, webauthn:extension:minPinLength: true, webauthn:extension:prf: true, webauthn:virtualAuthenticators: true}
Session ID: 4837a63792a91860c66d870e88eb26d4]]>
            </message>
            <full-stacktrace>
              <![CDATA[org.openqa.selenium.NoSuchElementException: no such element: Unable to locate element: {"method":"xpath","selector":"//div[contains(@class,'alert-warning')]"}
  (Session info: chrome=117.0.5938.150)
For documentation on this error, please visit: https://www.selenium.dev/documentation/webdriver/troubleshooting/errors#no-such-element-exception
Build info: version: '4.12.1', revision: '8e34639b11'
System info: os.name: 'Windows 10', os.arch: 'amd64', os.version: '10.0', java.version: '20.0.1'
Driver info: org.openqa.selenium.chrome.ChromeDriver
Command: [4837a63792a91860c66d870e88eb26d4, findElement {using=xpath, value=//div[contains(@class,'alert-warning')]}]
Capabilities {acceptInsecureCerts: false, browserName: chrome, browserVersion: 117.0.5938.150, chrome: {chromedriverVersion: 117.0.5938.149 (e3344ddefa1..., userDataDir: C:\Users\BHARAD~1.VIS\AppDa...}, fedcm:accounts: true, goog:chromeOptions: {debuggerAddress: localhost:58118}, networkConnectionEnabled: false, pageLoadStrategy: normal, platformName: windows, proxy: Proxy(), se:cdp: ws://localhost:58118/devtoo..., se:cdpVersion: 117.0.5938.150, setWindowRect: true, strictFileInteractability: false, timeouts: {implicit: 0, pageLoad: 300000, script: 30000}, unhandledPromptBehavior: dismiss and notify, webauthn:extension:credBlob: true, webauthn:extension:largeBlob: true, webauthn:extension:minPinLength: true, webauthn:extension:prf: true, webauthn:virtualAuthenticators: true}
Session ID: 4837a63792a91860c66d870e88eb26d4
at java.base/jdk.internal.reflect.DirectConstructorHandleAccessor.newInstance(DirectConstructorHandleAccessor.java:67)
at java.base/java.lang.reflect.Constructor.newInstanceWithCaller(Constructor.java:500)
at java.base/java.lang.reflect.Constructor.newInstance(Constructor.java:484)
at org.openqa.selenium.remote.codec.w3c.W3CHttpResponseCodec.createException(W3CHttpResponseCodec.java:200)
at org.openqa.selenium.remote.codec.w3c.W3CHttpResponseCodec.decode(W3CHttpResponseCodec.java:133)
at org.openqa.selenium.remote.codec.w3c.W3CHttpResponseCodec.decode(W3CHttpResponseCodec.java:52)
at org.openqa.selenium.remote.HttpCommandExecutor.execute(HttpCommandExecutor.java:191)
at org.openqa.selenium.remote.service.DriverCommandExecutor.invokeExecute(DriverCommandExecutor.java:196)
at org.openqa.selenium.remote.service.DriverCommandExecutor.execute(DriverCommandExecutor.java:171)
at org.openqa.selenium.remote.RemoteWebDriver.execute(RemoteWebDriver.java:602)
at org.openqa.selenium.remote.ElementLocation$ElementFinder$2.findElement(ElementLocation.java:165)
at org.openqa.selenium.remote.ElementLocation.findElement(ElementLocation.java:59)
at org.openqa.selenium.remote.RemoteWebDriver.findElement(RemoteWebDriver.java:359)
at org.openqa.selenium.remote.RemoteWebDriver.findElement(RemoteWebDriver.java:353)
at org.openqa.selenium.support.pagefactory.DefaultElementLocator.findElement(DefaultElementLocator.java:68)
at org.openqa.selenium.support.pagefactory.internal.LocatingElementHandler.invoke(LocatingElementHandler.java:38)
at jdk.proxy2/jdk.proxy2.$Proxy22.getText(Unknown Source)
at com.Browser.BaseClass.Gettext(BaseClass.java:57)
at com.Browser.BaseClass.isdisplay(BaseClass.java:142)
at com.Browser.BaseClass.verifyisdisplay(BaseClass.java:198)
at com.Pom.MyAccountpage.deleteaddress(MyAccountpage.java:145)
at com.test.MyAccount.deletealladressbook_012(MyAccount.java:53)
at java.base/jdk.internal.reflect.DirectMethodHandleAccessor.invoke(DirectMethodHandleAccessor.java:104)
at java.base/java.lang.reflect.Method.invoke(Method.java:578)
at org.testng.internal.invokers.MethodInvocationHelper.invokeMethod(MethodInvocationHelper.java:139)
at org.testng.internal.invokers.TestInvoker.invokeMethod(TestInvoker.java:664)
at org.testng.internal.invokers.TestInvoker.invokeTestMethod(TestInvoker.java:227)
at org.testng.internal.invokers.MethodRunner.runInSequence(MethodRunner.java:50)
at org.testng.internal.invokers.TestInvoker$MethodInvocationAgent.invoke(TestInvoker.java:957)
at org.testng.internal.invokers.TestInvoker.invokeTestMethods(TestInvoker.java:200)
at org.testng.internal.invokers.TestMethodWorker.invokeTestMethods(TestMethodWorker.java:148)
at org.testng.internal.invokers.TestMethodWorker.run(TestMethodWorker.java:128)
at java.base/java.util.ArrayList.forEach(ArrayList.java:1511)
at org.testng.TestRunner.privateRun(TestRunner.java:848)
at org.testng.TestRunner.run(TestRunner.java:621)
at org.testng.SuiteRunner.runTest(SuiteRunner.java:443)
at org.testng.SuiteRunner.runSequentially(SuiteRunner.java:437)
at org.testng.SuiteRunner.privateRun(SuiteRunner.java:397)
at org.testng.SuiteRunner.run(SuiteRunner.java:336)
at org.testng.SuiteRunnerWorker.runSuite(SuiteRunnerWorker.java:52)
at org.testng.SuiteRunnerWorker.run(SuiteRunnerWorker.java:95)
at org.testng.TestNG.runSuitesSequentially(TestNG.java:1280)
at org.testng.TestNG.runSuitesLocally(TestNG.java:1200)
at org.testng.TestNG.runSuites(TestNG.java:1114)
at org.testng.TestNG.run(TestNG.java:1082)
at org.testng.remote.AbstractRemoteTestNG.run(AbstractRemoteTestNG.java:115)
at org.testng.remote.RemoteTestNG.initAndRun(RemoteTestNG.java:251)
at org.testng.remote.RemoteTestNG.main(RemoteTestNG.java:77)
]]>
            </full-stacktrace>
          </exception> <!-- org.openqa.selenium.NoSuchElementException -->
          <reporter-output>
          </reporter-output>
        </test-method> <!-- deletealladressbook_012 -->
        <test-method is-config="true" signature="CloseBrowser()[pri:0, instance:com.test.MyAccount@7530ad9c]" started-at="2023-10-12T11:32:04 IST" name="CloseBrowser" finished-at="2023-10-12T11:32:04 IST" duration-ms="240" status="PASS">
          <reporter-output>
          </reporter-output>
        </test-method> <!-- CloseBrowser -->
        <test-method is-config="true" signature="LaunchBrowser(java.lang.String)[pri:0, instance:com.test.MyAccount@7530ad9c]" started-at="2023-10-12T11:32:04 IST" name="LaunchBrowser" finished-at="2023-10-12T11:32:08 IST" duration-ms="3632" status="PASS">
          <params>
            <param index="0">
              <value>
                <![CDATA[Chrome]]>
              </value>
            </param>
          </params>
          <reporter-output>
          </reporter-output>
        </test-method> <!-- LaunchBrowser -->
        <test-method signature="deletealladressbook_012()[pri:6, instance:com.test.MyAccount@7530ad9c]" started-at="2023-10-12T11:32:08 IST" name="deletealladressbook_012" finished-at="2023-10-12T11:32:11 IST" duration-ms="2842" status="PASS">
          <reporter-output>
          </reporter-output>
        </test-method> <!-- deletealladressbook_012 -->
        <test-method is-config="true" signature="CloseBrowser()[pri:0, instance:com.test.MyAccount@7530ad9c]" started-at="2023-10-12T11:32:11 IST" name="CloseBrowser" finished-at="2023-10-12T11:32:11 IST" duration-ms="183" status="PASS">
          <reporter-output>
          </reporter-output>
        </test-method> <!-- CloseBrowser -->
      </class> <!-- com.test.MyAccount -->
      <class name="com.test.Login">
        <test-method is-config="true" signature="LaunchBrowser(java.lang.String)[pri:0, instance:com.test.Login@5fbe4146]" started-at="2023-10-12T11:29:23 IST" name="LaunchBrowser" finished-at="2023-10-12T11:29:27 IST" duration-ms="3483" status="PASS">
          <params>
            <param index="0">
              <value>
                <![CDATA[Chrome]]>
              </value>
            </param>
          </params>
          <reporter-output>
          </reporter-output>
        </test-method> <!-- LaunchBrowser -->
        <test-method signature="ValidLoginTC_003()[pri:1, instance:com.test.Login@5fbe4146]" started-at="2023-10-12T11:29:27 IST" name="ValidLoginTC_003" finished-at="2023-10-12T11:29:29 IST" duration-ms="1759" status="PASS">
          <reporter-output>
          </reporter-output>
        </test-method> <!-- ValidLoginTC_003 -->
        <test-method is-config="true" signature="CloseBrowser()[pri:0, instance:com.test.Login@5fbe4146]" started-at="2023-10-12T11:29:29 IST" name="CloseBrowser" finished-at="2023-10-12T11:29:29 IST" duration-ms="390" status="PASS">
          <reporter-output>
          </reporter-output>
        </test-method> <!-- CloseBrowser -->
        <test-method is-config="true" signature="LaunchBrowser(java.lang.String)[pri:0, instance:com.test.Login@5fbe4146]" started-at="2023-10-12T11:29:29 IST" name="LaunchBrowser" finished-at="2023-10-12T11:29:42 IST" duration-ms="12836" status="PASS">
          <params>
            <param index="0">
              <value>
                <![CDATA[Chrome]]>
              </value>
            </param>
          </params>
          <reporter-output>
          </reporter-output>
        </test-method> <!-- LaunchBrowser -->
        <test-method signature="INValidLoginTC_004()[pri:2, instance:com.test.Login@5fbe4146]" started-at="2023-10-12T11:29:42 IST" name="INValidLoginTC_004" finished-at="2023-10-12T11:29:46 IST" duration-ms="3609" status="PASS">
          <reporter-output>
          </reporter-output>
        </test-method> <!-- INValidLoginTC_004 -->
        <test-method is-config="true" signature="CloseBrowser()[pri:0, instance:com.test.Login@5fbe4146]" started-at="2023-10-12T11:29:46 IST" name="CloseBrowser" finished-at="2023-10-12T11:29:46 IST" duration-ms="426" status="PASS">
          <reporter-output>
          </reporter-output>
        </test-method> <!-- CloseBrowser -->
        <test-method is-config="true" signature="LaunchBrowser(java.lang.String)[pri:0, instance:com.test.Login@5fbe4146]" started-at="2023-10-12T11:29:46 IST" name="LaunchBrowser" finished-at="2023-10-12T11:29:50 IST" duration-ms="3656" status="PASS">
          <params>
            <param index="0">
              <value>
                <![CDATA[Chrome]]>
              </value>
            </param>
          </params>
          <reporter-output>
          </reporter-output>
        </test-method> <!-- LaunchBrowser -->
        <test-method signature="LogoutTC_005()[pri:3, instance:com.test.Login@5fbe4146]" started-at="2023-10-12T11:29:50 IST" name="LogoutTC_005" finished-at="2023-10-12T11:29:53 IST" duration-ms="3051" status="PASS">
          <reporter-output>
          </reporter-output>
        </test-method> <!-- LogoutTC_005 -->
        <test-method is-config="true" signature="CloseBrowser()[pri:0, instance:com.test.Login@5fbe4146]" started-at="2023-10-12T11:29:54 IST" name="CloseBrowser" finished-at="2023-10-12T11:29:54 IST" duration-ms="380" status="PASS">
          <reporter-output>
          </reporter-output>
        </test-method> <!-- CloseBrowser -->
        <test-method is-config="true" signature="LaunchBrowser(java.lang.String)[pri:0, instance:com.test.Login@5fbe4146]" started-at="2023-10-12T11:29:54 IST" name="LaunchBrowser" finished-at="2023-10-12T11:29:57 IST" duration-ms="3597" status="PASS">
          <params>
            <param index="0">
              <value>
                <![CDATA[Chrome]]>
              </value>
            </param>
          </params>
          <reporter-output>
          </reporter-output>
        </test-method> <!-- LaunchBrowser -->
        <test-method signature="LogoutTC_006()[pri:4, instance:com.test.Login@5fbe4146]" started-at="2023-10-12T11:29:57 IST" name="LogoutTC_006" finished-at="2023-10-12T11:30:00 IST" duration-ms="2185" status="PASS">
          <reporter-output>
          </reporter-output>
        </test-method> <!-- LogoutTC_006 -->
        <test-method is-config="true" signature="CloseBrowser()[pri:0, instance:com.test.Login@5fbe4146]" started-at="2023-10-12T11:30:00 IST" name="CloseBrowser" finished-at="2023-10-12T11:30:00 IST" duration-ms="414" status="PASS">
          <reporter-output>
          </reporter-output>
        </test-method> <!-- CloseBrowser -->
      </class> <!-- com.test.Login -->
      <class name="com.test.Searchproduct">
        <test-method is-config="true" signature="LaunchBrowser(java.lang.String)[pri:0, instance:com.test.Searchproduct@58a9760d]" started-at="2023-10-12T11:32:11 IST" name="LaunchBrowser" finished-at="2023-10-12T11:32:14 IST" duration-ms="2877" status="PASS">
          <params>
            <param index="0">
              <value>
                <![CDATA[Chrome]]>
              </value>
            </param>
          </params>
          <reporter-output>
          </reporter-output>
        </test-method> <!-- LaunchBrowser -->
        <test-method signature="VerifythesearchproductTC_013()[pri:1, instance:com.test.Searchproduct@58a9760d]" started-at="2023-10-12T11:32:14 IST" name="VerifythesearchproductTC_013" finished-at="2023-10-12T11:32:17 IST" duration-ms="3008" status="PASS">
          <reporter-output>
          </reporter-output>
        </test-method> <!-- VerifythesearchproductTC_013 -->
        <test-method is-config="true" signature="CloseBrowser()[pri:0, instance:com.test.Searchproduct@58a9760d]" started-at="2023-10-12T11:32:17 IST" name="CloseBrowser" finished-at="2023-10-12T11:32:18 IST" duration-ms="183" status="PASS">
          <reporter-output>
          </reporter-output>
        </test-method> <!-- CloseBrowser -->
        <test-method is-config="true" signature="LaunchBrowser(java.lang.String)[pri:0, instance:com.test.Searchproduct@58a9760d]" started-at="2023-10-12T11:32:18 IST" name="LaunchBrowser" finished-at="2023-10-12T11:32:21 IST" duration-ms="3709" status="PASS">
          <params>
            <param index="0">
              <value>
                <![CDATA[Chrome]]>
              </value>
            </param>
          </params>
          <reporter-output>
          </reporter-output>
        </test-method> <!-- LaunchBrowser -->
        <test-method signature="searchproductaddtocartTC_014()[pri:2, instance:com.test.Searchproduct@58a9760d]" started-at="2023-10-12T11:32:21 IST" name="searchproductaddtocartTC_014" finished-at="2023-10-12T11:32:47 IST" duration-ms="25371" status="PASS">
          <reporter-output>
          </reporter-output>
        </test-method> <!-- searchproductaddtocartTC_014 -->
        <test-method is-config="true" signature="CloseBrowser()[pri:0, instance:com.test.Searchproduct@58a9760d]" started-at="2023-10-12T11:32:47 IST" name="CloseBrowser" finished-at="2023-10-12T11:32:47 IST" duration-ms="245" status="PASS">
          <reporter-output>
          </reporter-output>
        </test-method> <!-- CloseBrowser -->
        <test-method is-config="true" signature="LaunchBrowser(java.lang.String)[pri:0, instance:com.test.Searchproduct@58a9760d]" started-at="2023-10-12T11:32:47 IST" name="LaunchBrowser" finished-at="2023-10-12T11:32:51 IST" duration-ms="3746" status="PASS">
          <params>
            <param index="0">
              <value>
                <![CDATA[Chrome]]>
              </value>
            </param>
          </params>
          <reporter-output>
          </reporter-output>
        </test-method> <!-- LaunchBrowser -->
        <test-method signature="searchproductcheckoutTC_015()[pri:3, instance:com.test.Searchproduct@58a9760d]" started-at="2023-10-12T11:32:51 IST" name="searchproductcheckoutTC_015" finished-at="2023-10-12T11:33:23 IST" duration-ms="32569" status="PASS">
          <reporter-output>
          </reporter-output>
        </test-method> <!-- searchproductcheckoutTC_015 -->
        <test-method is-config="true" signature="CloseBrowser()[pri:0, instance:com.test.Searchproduct@58a9760d]" started-at="2023-10-12T11:33:24 IST" name="CloseBrowser" finished-at="2023-10-12T11:33:24 IST" duration-ms="250" status="PASS">
          <reporter-output>
          </reporter-output>
        </test-method> <!-- CloseBrowser -->
        <test-method is-config="true" signature="LaunchBrowser(java.lang.String)[pri:0, instance:com.test.Searchproduct@58a9760d]" started-at="2023-10-12T11:33:24 IST" name="LaunchBrowser" finished-at="2023-10-12T11:33:42 IST" duration-ms="18423" status="PASS">
          <params>
            <param index="0">
              <value>
                <![CDATA[Chrome]]>
              </value>
            </param>
          </params>
          <reporter-output>
          </reporter-output>
        </test-method> <!-- LaunchBrowser -->
        <test-method signature="addtocartTC_016()[pri:4, instance:com.test.Searchproduct@58a9760d]" started-at="2023-10-12T11:33:42 IST" name="addtocartTC_016" finished-at="2023-10-12T11:34:26 IST" duration-ms="44064" status="PASS">
          <reporter-output>
          </reporter-output>
        </test-method> <!-- addtocartTC_016 -->
        <test-method is-config="true" signature="CloseBrowser()[pri:0, instance:com.test.Searchproduct@58a9760d]" started-at="2023-10-12T11:34:27 IST" name="CloseBrowser" finished-at="2023-10-12T11:34:27 IST" duration-ms="244" status="PASS">
          <reporter-output>
          </reporter-output>
        </test-method> <!-- CloseBrowser -->
      </class> <!-- com.test.Searchproduct -->
    </test> <!-- Test -->
  </suite> <!-- Suite -->
</testng-results>
